BioSPICE Warehouse - BioCyc Dataset loader version 3.0
Host is 128.18.40.146
Database name is tomlee2
Data directory is /home/hapuna4/aic/ecocyc/hincyc/8.5/data
Organism name is Haemophilus influenza
Source database name is HinCyc
Source version is 8.5
Loading source database HinCyc version 8.5

Parsing COMPOUND data from /home/hapuna4/aic/ecocyc/hincyc/8.5/data/compounds.dat...
*** Conversion error on 1.000d-3
Found 473 compounds.  Encountered 1 parse errors

Parsing REACTION data from /home/hapuna4/aic/ecocyc/hincyc/8.5/data/reactions.dat...
.*** Conversion error on N
Warning: Symbolic or invalid coefficient N for ATP, using 0
*** Conversion error on N
Warning: Symbolic or invalid coefficient N for PPI, using 0
*** Conversion error on N
Warning: Symbolic or invalid coefficient N for PPI, using 0
*** Conversion error on N
Warning: Symbolic or invalid coefficient N for PPI, using 0
Found 599 reactions.  Encountered 4 parse errors

Parsing PROTEIN data from /home/hapuna4/aic/ecocyc/hincyc/8.5/data/proteins.dat...
Warning: undefined attribute MOLECULAR-WEIGHT
..Found 1777 proteins.  Encountered 0 parse errors

Parsing PROTEIN SEQUENCE data from /home/hapuna4/aic/ecocyc/hincyc/8.5/data/protseq.fasta...
Found 1606 protein sequences.  Encountered 0 parse errors

Parsing GENE data from /home/hapuna4/aic/ecocyc/hincyc/8.5/data/genes.dat...
..Found 1746 genes.  Encountered 0 parse errors

Parsing ENZRXN data from /home/hapuna4/aic/ecocyc/hincyc/8.5/data/enzrxns.dat...
Found 425 enzrxns.  Encountered 0 parse errors

Parsing PATHWAY data from /home/hapuna4/aic/ecocyc/hincyc/8.5/data/pathways.dat...
Found 95 pathways.  Encountered 0 parse errors
Load is committed, disconnected from database, created dataset 35
