BioSPICE Warehouse - BioCyc Dataset loader version 3.0
Host is 128.18.40.146
Database name is biospice
Data directory is /home/hapuna4/aic/ecocyc/humancyc/9.0/data
Organism name is Homo sapiens
Source database name is HumanCyc
Source version is 9.0
Creating dataset HumanCyc, version 9.0

Parsing PUBLICATIONS data from /home/hapuna4/aic/ecocyc/humancyc/9.0/data/pubs.dat...
..........................................Found 42025 publications.  Encountered 0 parse errors

Parsing COMPOUND data from /home/hapuna4/aic/ecocyc/humancyc/9.0/data/compounds.dat...
.*** Compound N-ACETYL-D-GALACTOSAMINYL-13-D-GALACT has no common name; ignoring
*** Conversion error on 1.000d-3
Found 805 compounds.  Encountered 2 parse errors

Parsing REACTION data from /home/hapuna4/aic/ecocyc/humancyc/9.0/data/reactions.dat...
Warning: undefined attribute BALANCE-STATE
.*** Conversion error on N
Warning: Symbolic or invalid coefficient N for ATP, using 0
*** Conversion error on N
Warning: Symbolic or invalid coefficient N for PPI, using 0
*** Conversion error on N
Warning: Symbolic or invalid coefficient N for PPI, using 0
*** Conversion error on N
Warning: Symbolic or invalid coefficient N for PPI, using 0
*** Conversion error on N
Warning: Symbolic or invalid coefficient N for PPI, using 0
*** Conversion error on N
Warning: Symbolic or invalid coefficient N for MALONYL-COA, using 0
*** Conversion error on 2N
Warning: Symbolic or invalid coefficient 2N for NADPH, using 0
*** Conversion error on N
Warning: Symbolic or invalid coefficient N for CARBON-DIOXIDE, using 0
*** Conversion error on 2N
Warning: Symbolic or invalid coefficient 2N for NADP, using 0
*** Conversion error on N
Warning: Symbolic or invalid coefficient N for NADPH, using 0
*** Conversion error on M
Warning: Symbolic or invalid coefficient M for OXYGEN-MOLECULE, using 0
*** Conversion error on N
Warning: Symbolic or invalid coefficient N for L-CITRULLINE, using 0
Found 1157 reactions.  Encountered 12 parse errors

Parsing PROTEIN data from /home/hapuna4/aic/ecocyc/humancyc/9.0/data/proteins.dat...
Warning: undefined attribute MOLECULAR-WEIGHT
.............................Found 28649 proteins.  Encountered 0 parse errors

Parsing PROTEIN SEQUENCE data from /home/hapuna4/aic/ecocyc/humancyc/9.0/data/protseq.fasta...
Found 13 protein sequences.  Encountered 0 parse errors

Parsing GENE data from /home/hapuna4/aic/ecocyc/humancyc/9.0/data/genes.dat...
.............................Found 28782 genes.  Encountered 0 parse errors

Parsing ENZRXN data from /home/hapuna4/aic/ecocyc/humancyc/9.0/data/enzrxns.dat...
Warning: undefined attribute PH-OPT
Warning: undefined attribute KM
...Found 3194 enzrxns.  Encountered 0 parse errors

Parsing PATHWAY data from /home/hapuna4/aic/ecocyc/humancyc/9.0/data/pathways.dat...
Found 124 pathways.  Encountered 0 parse errors
Load is committed, disconnected from database, DataSet.WID is 24
