BioSPICE Warehouse - BioCyc Dataset loader version 3.0
Host is 128.18.40.146
Database name is biospice
Data directory is /home/hapuna4/aic/ecocyc/anthracyc/8.5/data
Organism name is Bacillus
Source database name is AnthraCyc
Source version is 8.5
Loading source database AnthraCyc version 8.5

Parsing COMPOUND data from /home/hapuna4/aic/ecocyc/anthracyc/8.5/data/compounds.dat...
.Found 621 compounds.  Encountered 0 parse errors

Parsing REACTION data from /home/hapuna4/aic/ecocyc/anthracyc/8.5/data/reactions.dat...
Found 896 reactions.  Encountered 0 parse errors

Parsing PROTEIN data from /home/hapuna4/aic/ecocyc/anthracyc/8.5/data/proteins.dat...
......Found 5389 proteins.  Encountered 0 parse errors

Parsing PROTEIN SEQUENCE data from /home/hapuna4/aic/ecocyc/anthracyc/8.5/data/protseq.fasta...
Found 5311 protein sequences.  Encountered 0 parse errors

Parsing GENE data from /home/hapuna4/aic/ecocyc/anthracyc/8.5/data/genes.dat...
.....Found 5439 genes.  Encountered 0 parse errors

Parsing ENZRXN data from /home/hapuna4/aic/ecocyc/anthracyc/8.5/data/enzrxns.dat...
.Found 865 enzrxns.  Encountered 0 parse errors

Parsing PATHWAY data from /home/hapuna4/aic/ecocyc/anthracyc/8.5/data/pathways.dat...
Found 180 pathways.  Encountered 0 parse errors
Load is committed, disconnected from database, created dataset 33
